{"level":"error","message":"No product found","timestamp":"2025-05-25T06:02:20.136Z"}
{"level":"error","message":"No product found","timestamp":"2025-05-25T06:02:21.344Z"}
{"level":"error","message":"No product found","timestamp":"2025-05-25T06:03:01.161Z"}
{"level":"error","message":"No product found","timestamp":"2025-05-25T06:03:16.181Z"}
{"level":"error","message":"No product found","timestamp":"2025-05-25T06:04:04.062Z"}
{"level":"error","message":"No product found","timestamp":"2025-05-25T06:04:54.167Z"}
{"level":"error","message":"No product found","timestamp":"2025-05-25T06:05:08.152Z"}
{"level":"error","message":"No product found","timestamp":"2025-05-25T06:05:14.155Z"}
{"level":"error","message":"No product found","timestamp":"2025-05-25T06:05:30.599Z"}
{"level":"error","message":"No product found","timestamp":"2025-05-25T06:06:18.947Z"}
{"level":"error","message":"No product found","timestamp":"2025-05-25T06:07:31.158Z"}
{"level":"error","message":"No product found","timestamp":"2025-05-25T06:07:33.317Z"}
{"level":"error","message":"Internal server error: failed to create property","timestamp":"2025-05-25T06:07:37.843Z"}
{"level":"error","message":"No product found","timestamp":"2025-05-25T06:08:32.164Z"}
{"level":"error","message":"No product found","timestamp":"2025-05-25T06:08:34.543Z"}
{"level":"error","message":"Internal server error: failed to create property","timestamp":"2025-05-25T06:08:36.676Z"}
{"level":"error","message":"No product found","timestamp":"2025-05-25T06:09:08.159Z"}
{"level":"error","message":"No product found","timestamp":"2025-05-25T06:09:29.977Z"}
{"level":"error","message":"No product found","timestamp":"2025-05-25T06:10:09.162Z"}
{"level":"error","message":"No product found","timestamp":"2025-05-25T06:10:13.156Z"}
{"level":"error","message":"No product found","timestamp":"2025-05-25T06:10:18.042Z"}
{"level":"error","message":"Internal server error: failed to create property","timestamp":"2025-05-25T06:10:19.916Z"}
{"level":"error","message":"No product found","timestamp":"2025-05-25T06:11:36.079Z"}
{"level":"error","message":"Internal server error: Cast to ObjectId failed for value \"search\" (type string) at path \"_id\" for model \"products\"","timestamp":"2025-05-25T06:32:22.953Z"}
{"level":"error","message":"Internal server error: Cast to ObjectId failed for value \"search\" (type string) at path \"_id\" for model \"products\"","timestamp":"2025-05-25T06:32:23.778Z"}
{"level":"error","message":"Internal server error: Cast to ObjectId failed for value \"search\" (type string) at path \"_id\" for model \"products\"","timestamp":"2025-05-25T06:32:25.208Z"}
{"level":"warn","message":"Validation errors: [{\"type\":\"field\",\"value\":\"\",\"msg\":\"image shoudl be in url form\",\"path\":\"image\",\"location\":\"body\"}]","timestamp":"2025-05-25T07:19:36.803Z"}
{"level":"warn","message":"Validation errors: [{\"type\":\"field\",\"msg\":\"image shoudl be in url form\",\"path\":\"image\",\"location\":\"body\"}]","timestamp":"2025-05-25T07:22:56.882Z"}
{"level":"warn","message":"Validation errors: [{\"type\":\"field\",\"msg\":\"image shoudl be in url form\",\"path\":\"image\",\"location\":\"body\"}]","timestamp":"2025-05-25T07:23:34.108Z"}
{"level":"warn","message":"Validation errors: [{\"type\":\"field\",\"msg\":\"image shoudl be in url form\",\"path\":\"image\",\"location\":\"body\"}]","timestamp":"2025-05-25T07:25:54.803Z"}
{"level":"error","message":"Internal server error: Cast to ObjectId failed for value \"search\" (type string) at path \"_id\" for model \"products\"","timestamp":"2025-05-25T07:38:51.993Z"}
{"level":"error","message":"Internal server error: Cast to ObjectId failed for value \"search\" (type string) at path \"_id\" for model \"products\"","timestamp":"2025-05-25T07:39:44.558Z"}
{"level":"error","message":"Internal server error: Cast to ObjectId failed for value \"search\" (type string) at path \"_id\" for model \"products\"","timestamp":"2025-05-25T07:44:47.633Z"}
{"level":"error","message":"Internal server error: Cast to ObjectId failed for value \"search\" (type string) at path \"_id\" for model \"products\"","timestamp":"2025-05-25T07:44:51.653Z"}
{"level":"error","message":"Internal server error: Cast to ObjectId failed for value \"undefined\" (type string) at path \"_id\" for model \"products\"","timestamp":"2025-05-25T08:13:13.653Z"}
{"level":"error","message":"Internal server error: Cast to ObjectId failed for value \"undefined\" (type string) at path \"_id\" for model \"products\"","timestamp":"2025-05-25T08:13:14.701Z"}
{"level":"error","message":"Internal server error: Cast to ObjectId failed for value \"undefined\" (type string) at path \"_id\" for model \"products\"","timestamp":"2025-05-25T08:13:16.727Z"}
{"level":"error","message":"Internal server error: Cast to ObjectId failed for value \"undefined\" (type string) at path \"_id\" for model \"products\"","timestamp":"2025-05-25T08:13:20.749Z"}
{"level":"error","message":"Internal server error: Cast to ObjectId failed for value \"undefined\" (type string) at path \"_id\" for model \"products\"","timestamp":"2025-05-25T08:13:51.684Z"}
{"level":"error","message":"Internal server error: Cast to ObjectId failed for value \"undefined\" (type string) at path \"_id\" for model \"products\"","timestamp":"2025-05-25T08:13:52.699Z"}
{"level":"error","message":"Internal server error: Cast to ObjectId failed for value \"undefined\" (type string) at path \"_id\" for model \"products\"","timestamp":"2025-05-25T08:15:14.087Z"}
{"level":"error","message":"Internal server error: Cast to ObjectId failed for value \"undefined\" (type string) at path \"_id\" for model \"products\"","timestamp":"2025-05-25T08:15:18.102Z"}
